Exporter version: 5.6.4, Blender version: 2.79 (sub 0)
========= Conversion from Blender to Babylon.js =========
	Scene settings used :
		export scope        :  ALL
		inline textures     :  false
		Positions Precision :  4
		Normals Precision   :  3
		UVs Precision       :  3
		Vert Color Precision:  3
		Mat Weight Precision:  2
		texture directory   :  C:\Users\Owen\Desktop\FPS GAME\scenes\
	Python World class constructor completed
	processing begun of mesh:  Cube.001
		processing begun of Standard material:  Material.003
		processing begun of Standard material:  Material.004
		processing begun of multimaterial:  mypistol_new.Multimaterial#0
		num positions      :  116
		num normals        :  116
		num uvs            :  0
		num uvs2           :  0
		num colors         :  0
		num indices        :  516
		WARNING: # of 0 area faces found:  24
	processing begun of mesh:  Cube
		processing begun of Standard material:  Material.001
		processing begun of Standard material:  Material.002
		processing begun of multimaterial:  mypistol_new.Multimaterial#1
		num positions      :  310
		num normals        :  310
		num uvs            :  0
		num uvs2           :  0
		num colors         :  0
		num indices        :  1686
		WARNING: # of 0 area faces found:  2
	processing begun of camera (UniversalCamera):  Camera
========= Writing of scene file started =========
========= Writing of scene file completed =========
========= end of processing =========
elapsed time:  0 min, 0.3063 secs
